{"timestamp":"2025-03-28T06:11:44.880Z","agent":"mother","level":"info","message":"Mother agent started","data":{"error":"Race condition in task cache management","language":"typescript"}}
{"timestamp":"2025-03-28T06:11:44.881Z","agent":"mother","level":"info","message":"OODA transition","data":{"state":"observe"}}
{"timestamp":"2025-03-28T06:11:45.584Z","agent":"mother","level":"info","message":"OODA transition","data":{"state":"orient"}}
{"timestamp":"2025-03-28T06:11:57.749Z","agent":"mother","level":"info","message":"OODA transition","data":{"state":"decide"}}
{"timestamp":"2025-03-28T06:11:57.749Z","agent":"mother","level":"info","message":"Creating scenario agents","data":{"scenarioIds":["scenario-session-1743142304879-Race Condition","scenario-session-1743142304879-Async Error Handling","scenario-session-1743142304879-Concurrency Design","scenario-session-1743142304879-Promise Chain"]}}
{"timestamp":"2025-03-28T06:11:57.750Z","agent":"mother","level":"info","message":"OODA transition","data":{"state":"act"}}
{"timestamp":"2025-03-28T06:11:57.755Z","agent":"mother","level":"error","message":"Mother agent failed","data":{"error":{}}}
{"timestamp":"2025-03-28T06:11:57.809Z","agent":"scenario-scenario-session-1743142304879-Race Condition","level":"info","message":"Scenario agent started","data":{"hypothesis":"Race condition between cache setting and invalidation in task operations. The getTasks function sets cache asynchronously without awaiting, while updateTask invalidates cache with setTimeout. This can lead to stale data if cache setting happens after invalidation."}}
{"timestamp":"2025-03-28T06:11:57.809Z","agent":"scenario-scenario-session-1743142304879-Async Error Handling","level":"info","message":"Scenario agent started","data":{"hypothesis":"Cache operations are using .catch() for error handling but not properly coordinating their timing. Error handling should be part of a proper async chain."}}
{"timestamp":"2025-03-28T06:11:57.810Z","agent":"scenario-scenario-session-1743142304879-Race Condition","level":"info","message":"Micro OODA cycle","data":{"state":"investigate"}}
{"timestamp":"2025-03-28T06:11:57.810Z","agent":"scenario-scenario-session-1743142304879-Async Error Handling","level":"info","message":"Micro OODA cycle","data":{"state":"investigate"}}
{"timestamp":"2025-03-28T06:11:57.809Z","agent":"scenario-scenario-session-1743142304879-Concurrency Design","level":"info","message":"Scenario agent started","data":{"hypothesis":"The caching strategy doesn't account for concurrent updates. Need to verify if cacheService.ts implements proper locking or versioning."}}
{"timestamp":"2025-03-28T06:11:57.810Z","agent":"scenario-scenario-session-1743142304879-Promise Chain","level":"info","message":"Scenario agent started","data":{"hypothesis":"Improper Promise chaining in updateTask where setTimeout is used instead of proper async/await or Promise chaining"}}
{"timestamp":"2025-03-28T06:11:57.810Z","agent":"scenario-scenario-session-1743142304879-Concurrency Design","level":"info","message":"Micro OODA cycle","data":{"state":"investigate"}}
{"timestamp":"2025-03-28T06:11:57.810Z","agent":"scenario-scenario-session-1743142304879-Promise Chain","level":"info","message":"Micro OODA cycle","data":{"state":"investigate"}}
{"timestamp":"2025-03-28T06:11:58.493Z","agent":"scenario-scenario-session-1743142304879-Concurrency Design","level":"info","message":"Micro OODA cycle","data":{"state":"investigate"}}
{"timestamp":"2025-03-28T06:11:58.507Z","agent":"scenario-scenario-session-1743142304879-Promise Chain","level":"info","message":"Micro OODA cycle","data":{"state":"investigate"}}
{"timestamp":"2025-03-28T06:11:58.507Z","agent":"scenario-scenario-session-1743142304879-Async Error Handling","level":"info","message":"Micro OODA cycle","data":{"state":"investigate"}}
{"timestamp":"2025-03-28T06:11:58.509Z","agent":"scenario-scenario-session-1743142304879-Race Condition","level":"info","message":"Micro OODA cycle","data":{"state":"investigate"}}
{"timestamp":"2025-03-28T06:11:58.514Z","agent":"scenario-scenario-session-1743142304879-Concurrency Design","level":"info","message":"Micro OODA cycle","data":{"state":"analyze"}}
{"timestamp":"2025-03-28T06:11:58.534Z","agent":"scenario-scenario-session-1743142304879-Async Error Handling","level":"info","message":"Micro OODA cycle","data":{"state":"analyze"}}
{"timestamp":"2025-03-28T06:11:58.534Z","agent":"scenario-scenario-session-1743142304879-Promise Chain","level":"info","message":"Micro OODA cycle","data":{"state":"analyze"}}
{"timestamp":"2025-03-28T06:11:58.534Z","agent":"scenario-scenario-session-1743142304879-Race Condition","level":"info","message":"Micro OODA cycle","data":{"state":"analyze"}}
{"timestamp":"2025-03-28T06:12:03.815Z","agent":"scenario-scenario-session-1743142304879-Async Error Handling","level":"info","message":"Micro OODA cycle","data":{"state":"validate"}}
{"timestamp":"2025-03-28T06:12:03.817Z","agent":"scenario-scenario-session-1743142304879-Async Error Handling","level":"info","message":"Micro OODA cycle","data":{"state":"investigate"}}
{"timestamp":"2025-03-28T06:12:03.845Z","agent":"scenario-scenario-session-1743142304879-Async Error Handling","level":"info","message":"Micro OODA cycle","data":{"state":"analyze"}}
{"timestamp":"2025-03-28T06:12:04.385Z","agent":"scenario-scenario-session-1743142304879-Concurrency Design","level":"info","message":"Micro OODA cycle","data":{"state":"validate"}}
{"timestamp":"2025-03-28T06:12:04.386Z","agent":"scenario-scenario-session-1743142304879-Concurrency Design","level":"info","message":"Micro OODA cycle","data":{"state":"investigate"}}
{"timestamp":"2025-03-28T06:12:04.403Z","agent":"scenario-scenario-session-1743142304879-Concurrency Design","level":"info","message":"Micro OODA cycle","data":{"state":"analyze"}}
