{"timestamp":"2025-03-28T05:27:32.838Z","agent":"mother","level":"info","message":"Mother agent started","data":{"error":"Race condition in task cache management","language":"typescript"}}
{"timestamp":"2025-03-28T05:27:32.839Z","agent":"mother","level":"info","message":"OODA transition","data":{"state":"observe"}}
{"timestamp":"2025-03-28T05:27:33.896Z","agent":"mother","level":"info","message":"OODA transition","data":{"state":"orient"}}
{"timestamp":"2025-03-28T05:27:42.680Z","agent":"mother","level":"info","message":"OODA transition","data":{"state":"decide"}}
{"timestamp":"2025-03-28T05:27:42.681Z","agent":"mother","level":"info","message":"Creating scenario agents","data":{"scenarioIds":["scenario-session-1743139652838-race_condition","scenario-session-1743139652838-async_flow","scenario-session-1743139652838-cache_consistency"]}}
{"timestamp":"2025-03-28T05:27:42.681Z","agent":"mother","level":"info","message":"OODA transition","data":{"state":"act"}}
{"timestamp":"2025-03-28T05:27:42.722Z","agent":"scenario-scenario-session-1743139652838-async_flow","level":"info","message":"Scenario agent started","data":{"hypothesis":"The asynchronous cache operations are not properly coordinated. setCachedTasks() errors are only logged but not propagated, and the fire-and-forget pattern used could mask timing issues."}}
{"timestamp":"2025-03-28T05:27:42.722Z","agent":"scenario-scenario-session-1743139652838-race_condition","level":"info","message":"Scenario agent started","data":{"hypothesis":"There appears to be a race condition between setting and invalidating the task cache in updateTask(). The cache setting in getTasks() is done asynchronously without awaiting, while cache invalidation in updateTask() is done in a setTimeout. This can lead to stale data if the cache set happens after invalidation."}}
{"timestamp":"2025-03-28T05:27:42.723Z","agent":"scenario-scenario-session-1743139652838-async_flow","level":"info","message":"Micro OODA cycle","data":{"state":"investigate"}}
{"timestamp":"2025-03-28T05:27:42.724Z","agent":"scenario-scenario-session-1743139652838-race_condition","level":"info","message":"Micro OODA cycle","data":{"state":"investigate"}}
{"timestamp":"2025-03-28T05:27:42.723Z","agent":"scenario-scenario-session-1743139652838-cache_consistency","level":"info","message":"Scenario agent started","data":{"hypothesis":"The cache invalidation strategy may be insufficient. Different cache keys (task:id vs tasks:filters) may become inconsistent due to the race conditions."}}
{"timestamp":"2025-03-28T05:27:42.724Z","agent":"scenario-scenario-session-1743139652838-cache_consistency","level":"info","message":"Micro OODA cycle","data":{"state":"investigate"}}
{"timestamp":"2025-03-28T05:27:43.574Z","agent":"scenario-scenario-session-1743139652838-async_flow","level":"info","message":"Micro OODA cycle","data":{"state":"investigate"}}
{"timestamp":"2025-03-28T05:27:43.574Z","agent":"scenario-scenario-session-1743139652838-cache_consistency","level":"info","message":"Micro OODA cycle","data":{"state":"investigate"}}
{"timestamp":"2025-03-28T05:27:43.595Z","agent":"scenario-scenario-session-1743139652838-cache_consistency","level":"info","message":"Micro OODA cycle","data":{"state":"analyze"}}
{"timestamp":"2025-03-28T05:27:43.595Z","agent":"scenario-scenario-session-1743139652838-async_flow","level":"info","message":"Micro OODA cycle","data":{"state":"analyze"}}
{"timestamp":"2025-03-28T05:27:44.050Z","agent":"scenario-scenario-session-1743139652838-race_condition","level":"info","message":"Micro OODA cycle","data":{"state":"investigate"}}
{"timestamp":"2025-03-28T05:27:44.068Z","agent":"scenario-scenario-session-1743139652838-race_condition","level":"info","message":"Micro OODA cycle","data":{"state":"analyze"}}
{"timestamp":"2025-03-28T05:27:49.983Z","agent":"scenario-scenario-session-1743139652838-race_condition","level":"info","message":"Micro OODA cycle","data":{"state":"validate"}}
{"timestamp":"2025-03-28T05:27:49.986Z","agent":"scenario-scenario-session-1743139652838-race_condition","level":"info","message":"Micro OODA cycle","data":{"state":"investigate"}}
{"timestamp":"2025-03-28T05:27:50.012Z","agent":"scenario-scenario-session-1743139652838-race_condition","level":"info","message":"Micro OODA cycle","data":{"state":"analyze"}}
{"timestamp":"2025-03-28T05:27:52.247Z","agent":"scenario-scenario-session-1743139652838-async_flow","level":"info","message":"Micro OODA cycle","data":{"state":"validate"}}
{"timestamp":"2025-03-28T05:27:52.249Z","agent":"scenario-scenario-session-1743139652838-async_flow","level":"info","message":"Micro OODA cycle","data":{"state":"investigate"}}
{"timestamp":"2025-03-28T05:27:52.275Z","agent":"scenario-scenario-session-1743139652838-async_flow","level":"info","message":"Micro OODA cycle","data":{"state":"analyze"}}
{"timestamp":"2025-03-28T05:27:52.530Z","agent":"scenario-scenario-session-1743139652838-cache_consistency","level":"info","message":"Micro OODA cycle","data":{"state":"validate"}}
{"timestamp":"2025-03-28T05:27:52.531Z","agent":"scenario-scenario-session-1743139652838-cache_consistency","level":"info","message":"Micro OODA cycle","data":{"state":"investigate"}}
{"timestamp":"2025-03-28T05:27:52.558Z","agent":"scenario-scenario-session-1743139652838-cache_consistency","level":"info","message":"Micro OODA cycle","data":{"state":"analyze"}}
{"timestamp":"2025-03-28T05:27:58.165Z","agent":"scenario-scenario-session-1743139652838-async_flow","level":"info","message":"Micro OODA cycle","data":{"state":"validate"}}
{"timestamp":"2025-03-28T05:27:58.166Z","agent":"scenario-scenario-session-1743139652838-async_flow","level":"info","message":"Micro OODA cycle","data":{"state":"investigate"}}
{"timestamp":"2025-03-28T05:27:58.186Z","agent":"scenario-scenario-session-1743139652838-async_flow","level":"info","message":"Micro OODA cycle","data":{"state":"analyze"}}
{"timestamp":"2025-03-28T05:27:58.935Z","agent":"scenario-scenario-session-1743139652838-cache_consistency","level":"error","message":"Scenario agent failed","data":{"error":{}}}
{"timestamp":"2025-03-28T05:28:00.522Z","agent":"scenario-scenario-session-1743139652838-race_condition","level":"info","message":"Micro OODA cycle","data":{"state":"validate"}}
{"timestamp":"2025-03-28T05:28:00.525Z","agent":"scenario-scenario-session-1743139652838-race_condition","level":"info","message":"Micro OODA cycle","data":{"state":"report"}}
{"timestamp":"2025-03-28T05:28:04.218Z","agent":"scenario-scenario-session-1743139652838-async_flow","level":"info","message":"Micro OODA cycle","data":{"state":"validate"}}
{"timestamp":"2025-03-28T05:28:04.220Z","agent":"scenario-scenario-session-1743139652838-async_flow","level":"info","message":"Micro OODA cycle","data":{"state":"investigate"}}
{"timestamp":"2025-03-28T05:28:04.247Z","agent":"scenario-scenario-session-1743139652838-async_flow","level":"info","message":"Micro OODA cycle","data":{"state":"analyze"}}
{"timestamp":"2025-03-28T05:28:11.899Z","agent":"scenario-scenario-session-1743139652838-async_flow","level":"info","message":"Micro OODA cycle","data":{"state":"validate"}}
{"timestamp":"2025-03-28T05:28:11.901Z","agent":"scenario-scenario-session-1743139652838-async_flow","level":"info","message":"Micro OODA cycle","data":{"state":"investigate"}}
{"timestamp":"2025-03-28T05:28:11.929Z","agent":"scenario-scenario-session-1743139652838-async_flow","level":"info","message":"Micro OODA cycle","data":{"state":"analyze"}}
{"timestamp":"2025-03-28T05:28:19.667Z","agent":"scenario-scenario-session-1743139652838-async_flow","level":"info","message":"Micro OODA cycle","data":{"state":"validate"}}
{"timestamp":"2025-03-28T05:28:19.668Z","agent":"scenario-scenario-session-1743139652838-async_flow","level":"info","message":"Micro OODA cycle","data":{"state":"investigate"}}
{"timestamp":"2025-03-28T05:28:19.695Z","agent":"scenario-scenario-session-1743139652838-async_flow","level":"info","message":"Micro OODA cycle","data":{"state":"analyze"}}
{"timestamp":"2025-03-28T05:28:25.710Z","agent":"scenario-scenario-session-1743139652838-async_flow","level":"info","message":"Micro OODA cycle","data":{"state":"validate"}}
{"timestamp":"2025-03-28T05:28:25.711Z","agent":"scenario-scenario-session-1743139652838-async_flow","level":"info","message":"Micro OODA cycle","data":{"state":"investigate"}}
{"timestamp":"2025-03-28T05:28:25.737Z","agent":"scenario-scenario-session-1743139652838-async_flow","level":"info","message":"Micro OODA cycle","data":{"state":"analyze"}}
{"timestamp":"2025-03-28T05:28:34.416Z","agent":"scenario-scenario-session-1743139652838-async_flow","level":"info","message":"Micro OODA cycle","data":{"state":"validate"}}
{"timestamp":"2025-03-28T05:28:34.418Z","agent":"scenario-scenario-session-1743139652838-async_flow","level":"info","message":"Micro OODA cycle","data":{"state":"investigate"}}
{"timestamp":"2025-03-28T05:28:34.446Z","agent":"scenario-scenario-session-1743139652838-async_flow","level":"info","message":"Micro OODA cycle","data":{"state":"analyze"}}
{"timestamp":"2025-03-28T05:28:48.215Z","agent":"scenario-scenario-session-1743139652838-async_flow","level":"error","message":"Scenario agent failed","data":{"error":{}}}
